mode: set
testing-golang-assignment/pkg/main.go:13.43,15.2 1 1
testing-golang-assignment/pkg/main.go:19.76,20.74 1 1
testing-golang-assignment/pkg/main.go:25.2,28.25 3 1
testing-golang-assignment/pkg/main.go:40.2,40.16 1 1
testing-golang-assignment/pkg/main.go:45.2,45.8 1 1
testing-golang-assignment/pkg/main.go:20.74,23.3 2 1
testing-golang-assignment/pkg/main.go:28.25,29.26 1 1
testing-golang-assignment/pkg/main.go:29.26,30.52 1 1
testing-golang-assignment/pkg/main.go:34.4,34.22 1 1
testing-golang-assignment/pkg/main.go:30.52,33.5 2 1
testing-golang-assignment/pkg/main.go:34.22,37.5 2 1
testing-golang-assignment/pkg/main.go:40.16,42.3 1 1
testing-golang-assignment/pkg/main.go:42.8,44.3 1 1
testing-golang-assignment/pkg/main.go:50.33,54.19 3 0
testing-golang-assignment/pkg/main.go:57.2,57.10 1 0
testing-golang-assignment/pkg/main.go:54.19,56.3 1 0
testing-golang-assignment/pkg/main.go:60.24,81.2 14 0
testing-golang-assignment/pkg/main.go:83.50,89.2 5 0
testing-golang-assignment/pkg/main.go:91.29,96.2 4 0
testing-golang-assignment/pkg/main.go:98.13,99.30 1 0
testing-golang-assignment/pkg/main.go:99.30,101.3 1 0
